{"uuid":"8ede0f48-9448-4e37-bdae-648018ee6864","name":"BaseTest.Task1_BaseTest.recordFailureTest","children":["65116b09-f303-4635-8920-d1c84c23bf44"],"description":"","befores":[],"afters":[{"name":"recordFailureTest","status":"broken","statusDetails":{"known":false,"muted":false,"flaky":false,"message":"java.io.IOException: Cannot run program \"generateAllureReport.bat\": CreateProcess error=2, The system cannot find the file specified","trace":"java.lang.RuntimeException: java.io.IOException: Cannot run program \"generateAllureReport.bat\": CreateProcess error=2, The system cannot find the file specified\r\n\tat BaseTest.Task1_BaseTest.recordFailureTest(Task1_BaseTest.java:40)\r\n\tat java.base/jdk.internal.reflect.DirectMethodHandleAccessor.invoke(DirectMethodHandleAccessor.java:104)\r\n\tat java.base/java.lang.reflect.Method.invoke(Method.java:578)\r\n\tat org.testng.internal.invokers.MethodInvocationHelper.invokeMethod(MethodInvocationHelper.java:139)\r\n\tat org.testng.internal.invokers.MethodInvocationHelper.invokeMethodConsideringTimeout(MethodInvocationHelper.java:69)\r\n\tat org.testng.internal.invokers.ConfigInvoker.invokeConfigurationMethod(ConfigInvoker.java:390)\r\n\tat org.testng.internal.invokers.ConfigInvoker.invokeConfigurations(ConfigInvoker.java:325)\r\n\tat org.testng.internal.invokers.TestInvoker.runConfigMethods(TestInvoker.java:810)\r\n\tat org.testng.internal.invokers.TestInvoker.runAfterConfigurations(TestInvoker.java:779)\r\n\tat org.testng.internal.invokers.TestInvoker.invokeMethod(TestInvoker.java:755)\r\n\tat org.testng.internal.invokers.TestInvoker.invokeTestMethod(TestInvoker.java:227)\r\n\tat org.testng.internal.invokers.MethodRunner.runInSequence(MethodRunner.java:50)\r\n\tat org.testng.internal.invokers.TestInvoker$MethodInvocationAgent.invoke(TestInvoker.java:957)\r\n\tat org.testng.internal.invokers.TestInvoker.invokeTestMethods(TestInvoker.java:200)\r\n\tat org.testng.internal.invokers.TestMethodWorker.invokeTestMethods(TestMethodWorker.java:148)\r\n\tat org.testng.internal.invokers.TestMethodWorker.run(TestMethodWorker.java:128)\r\n\tat java.base/java.util.ArrayList.forEach(ArrayList.java:1511)\r\n\tat org.testng.TestRunner.privateRun(TestRunner.java:848)\r\n\tat org.testng.TestRunner.run(TestRunner.java:621)\r\n\tat org.testng.SuiteRunner.runTest(SuiteRunner.java:443)\r\n\tat org.testng.SuiteRunner.runSequentially(SuiteRunner.java:437)\r\n\tat org.testng.SuiteRunner.privateRun(SuiteRunner.java:397)\r\n\tat org.testng.SuiteRunner.run(SuiteRunner.java:336)\r\n\tat org.testng.SuiteRunnerWorker.runSuite(SuiteRunnerWorker.java:52)\r\n\tat org.testng.SuiteRunnerWorker.run(SuiteRunnerWorker.java:95)\r\n\tat org.testng.TestNG.runSuitesSequentially(TestNG.java:1280)\r\n\tat org.testng.TestNG.runSuitesLocally(TestNG.java:1200)\r\n\tat org.testng.TestNG.runSuites(TestNG.java:1114)\r\n\tat org.testng.TestNG.run(TestNG.java:1082)\r\n\tat com.intellij.rt.testng.IDEARemoteTestNG.run(IDEARemoteTestNG.java:66)\r\n\tat com.intellij.rt.testng.RemoteTestNGStarter.main(RemoteTestNGStarter.java:109)\r\nCaused by: java.io.IOException: Cannot run program \"generateAllureReport.bat\": CreateProcess error=2, The system cannot find the file specified\r\n\tat java.base/java.lang.ProcessBuilder.start(ProcessBuilder.java:1143)\r\n\tat java.base/java.lang.ProcessBuilder.start(ProcessBuilder.java:1073)\r\n\tat java.base/java.lang.Runtime.exec(Runtime.java:615)\r\n\tat java.base/java.lang.Runtime.exec(Runtime.java:439)\r\n\tat java.base/java.lang.Runtime.exec(Runtime.java:322)\r\n\tat BaseTest.Task1_BaseTest.recordFailureTest(Task1_BaseTest.java:38)\r\n\t... 30 more\r\nCaused by: java.io.IOException: CreateProcess error=2, The system cannot find the file specified\r\n\tat java.base/java.lang.ProcessImpl.create(Native Method)\r\n\tat java.base/java.lang.ProcessImpl.<init>(ProcessImpl.java:500)\r\n\tat java.base/java.lang.ProcessImpl.start(ProcessImpl.java:159)\r\n\tat java.base/java.lang.ProcessBuilder.start(ProcessBuilder.java:1110)\r\n\t... 35 more\r\n"},"stage":"finished","description":"","steps":[],"attachments":[],"parameters":[],"start":1711121405810,"stop":1711121406045}],"start":1711121405808,"stop":1711121406046}